<?xml version="1.0" encoding="UTF-8"?>
<!-- Generated by org.testng.reporters.JUnitReportReporter -->
<testsuite skipped="0" hostname="WKWIN7106031" name="qa.testpkg.HelloTestNG" tests="2" failures="0" timestamp="2019-10-16T10:27:57 IST" time="0.002" errors="0">
  <testcase name="helloTestNGHelloTest" time="0.001" classname="qa.testpkg.HelloTestNG"/>
  <testcase name="helloTestNGHelloTest2" time="0.001" classname="qa.testpkg.HelloTestNG"/>
</testsuite> <!-- qa.testpkg.HelloTestNG -->
