<?xml version="1.0" encoding="UTF-8"?>
<!-- Generated by org.testng.reporters.JUnitReportReporter -->
<testsuite skipped="0" hostname="WKWIN7106031" name="qa.testpkg.WelcomeTestNG" tests="2" failures="0" timestamp="2019-10-16T10:27:57 IST" time="0.015" errors="0">
  <testcase name="welcomeTestMessage" time="0.006" classname="qa.testpkg.WelcomeTestNG"/>
  <testcase name="helloBy" time="0.009" classname="qa.testpkg.WelcomeTestNG"/>
</testsuite> <!-- qa.testpkg.WelcomeTestNG -->
